<?xml version="1.0" encoding="UTF-8"?>
<testsuite xmlns:xsi="http://www.w3.org/2001/XMLSchema-instance" xsi:noNamespaceSchemaLocation="https://maven.apache.org/surefire/maven-surefire-plugin/xsd/surefire-test-report-3.0.xsd" version="3.0" name="com.wipro.myproject.demo.CalculatorTest" time="0.038" tests="4" errors="0" skipped="1" failures="0">
  <properties>
[...]
</properties>
  <testcase name="testAdd" classname="com.wipro.myproject.demo.CalculatorTest" time="0.015">
    <system-out><![CDATA[Before All only once
Before Each test case
add tested
After Each test case
]]></system-out>
  </testcase>
  <testcase name="testDiv" classname="com.wipro.myproject.demo.CalculatorTest" time="0.001">
    <system-out><![CDATA[Before Each test case
After Each test case
]]></system-out>
  </testcase>
  <testcase name="testMul" classname="com.wipro.myproject.demo.CalculatorTest" time="0.0">
    <skipped message="void com.wipro.myproject.demo.CalculatorTest.testMul() is @Disabled"/>
  </testcase>
  <testcase name="testSub" classname="com.wipro.myproject.demo.CalculatorTest" time="0.001">
    <system-out><![CDATA[Before Each test case
sub tested
After Each test case
]]></system-out>
  </testcase>
</testsuite>